0 info it worked if it ends with ok
1 verbose cli [ '/usr/local/bin/node', '/usr/local/bin/npm', 'run', 'dev2' ]
2 info using npm@3.10.9
3 info using node@v7.1.0
4 verbose run-script [ 'predev2', 'dev2', 'postdev2' ]
5 info lifecycle jw-test@0.0.0~predev2: jw-test@0.0.0
6 silly lifecycle jw-test@0.0.0~predev2: no script for predev2, continuing
7 info lifecycle jw-test@0.0.0~dev2: jw-test@0.0.0
8 verbose lifecycle jw-test@0.0.0~dev2: unsafe-perm in lifecycle true
9 verbose lifecycle jw-test@0.0.0~dev2: PATH: /usr/local/lib/node_modules/npm/bin/node-gyp-bin:/Users/jinwoo/project/json-parser/node_modules/.bin:/usr/local/Cellar/node/6.0.0/bin:/usr/local/bin:/usr/bin:/bin:/usr/sbin:/sbin:/usr/local/git/bin:/usr/local/Cellar/imagemagick/ImageMagick-6.9.1-4/bin
10 verbose lifecycle jw-test@0.0.0~dev2: CWD: /Users/jinwoo/project/json-parser
11 silly lifecycle jw-test@0.0.0~dev2: Args: [ '-c', './node_modules/webpack-dev-server --inline --hot' ]
12 silly lifecycle jw-test@0.0.0~dev2: Returned: code: 126  signal: null
13 info lifecycle jw-test@0.0.0~dev2: Failed to exec dev2 script
14 verbose stack Error: jw-test@0.0.0 dev2: `./node_modules/webpack-dev-server --inline --hot`
14 verbose stack Exit status 126
14 verbose stack     at EventEmitter.<anonymous> (/usr/local/lib/node_modules/npm/lib/utils/lifecycle.js:255:16)
14 verbose stack     at emitTwo (events.js:106:13)
14 verbose stack     at EventEmitter.emit (events.js:191:7)
14 verbose stack     at ChildProcess.<anonymous> (/usr/local/lib/node_modules/npm/lib/utils/spawn.js:40:14)
14 verbose stack     at emitTwo (events.js:106:13)
14 verbose stack     at ChildProcess.emit (events.js:191:7)
14 verbose stack     at maybeClose (internal/child_process.js:885:16)
14 verbose stack     at Process.ChildProcess._handle.onexit (internal/child_process.js:226:5)
15 verbose pkgid jw-test@0.0.0
16 verbose cwd /Users/jinwoo/project/json-parser
17 error Darwin 16.6.0
18 error argv "/usr/local/bin/node" "/usr/local/bin/npm" "run" "dev2"
19 error node v7.1.0
20 error npm  v3.10.9
21 error code ELIFECYCLE
22 error jw-test@0.0.0 dev2: `./node_modules/webpack-dev-server --inline --hot`
22 error Exit status 126
23 error Failed at the jw-test@0.0.0 dev2 script './node_modules/webpack-dev-server --inline --hot'.
23 error Make sure you have the latest version of node.js and npm installed.
23 error If you do, this is most likely a problem with the jw-test package,
23 error not with npm itself.
23 error Tell the author that this fails on your system:
23 error     ./node_modules/webpack-dev-server --inline --hot
23 error You can get information on how to open an issue for this project with:
23 error     npm bugs jw-test
23 error Or if that isn't available, you can get their info via:
23 error     npm owner ls jw-test
23 error There is likely additional logging output above.
24 verbose exit [ 1, true ]
